# JRE version: 6.0_30-b30
# Java VM: OpenJDK 64-Bit Server VM (23.25-b01 mixed mode linux-amd64 compressed oops)
Heap
 PSYoungGen      total 163840K, used 21322K [0x00000000f0000000, 0x00000000faaa0000, 0x0000000100000000)
  eden space 154624K, 13% used [0x00000000f0000000,0x00000000f14d2ab0,0x00000000f9700000)
  from space 9216K, 0% used [0x00000000fa1a0000,0x00000000fa1a0000,0x00000000faaa0000)
  to   space 10048K, 0% used [0x00000000f9700000,0x00000000f9700000,0x00000000fa0d0000)
 ParOldGen       total 289344K, used 123367K [0x00000000d0000000, 0x00000000e1a90000, 0x00000000f0000000)
  object space 289344K, 42% used [0x00000000d0000000,0x00000000d7879e40,0x00000000e1a90000)
 PSPermGen       total 125632K, used 125462K [0x00000000c0000000, 0x00000000c7ab0000, 0x00000000d0000000)
  object space 125632K, 99% used [0x00000000c0000000,0x00000000c7a85910,0x00000000c7ab0000)
GC Heap History (10 events):
Event: 2360,608 GC heap before
{Heap before GC invocations=130 (full 30):
 PSYoungGen      total 165504K, used 64K [0x00000000f0000000, 0x00000000fade0000, 0x0000000100000000)
  eden space 154624K, 0% used [0x00000000f0000000,0x00000000f0000000,0x00000000f9700000)
  from space 10880K, 0% used [0x00000000fa340000,0x00000000fa350000,0x00000000fade0000)
  to   space 11712K, 0% used [0x00000000f9700000,0x00000000f9700000,0x00000000fa270000)
 ParOldGen       total 289344K, used 123053K [0x00000000d0000000, 0x00000000e1a90000, 0x00000000f0000000)
  object space 289344K, 42% used [0x00000000d0000000,0x00000000d782b568,0x00000000e1a90000)
 PSPermGen       total 125824K, used 123331K [0x00000000c0000000, 0x00000000c7ae0000, 0x00000000d0000000)
  object space 125824K, 98% used [0x00000000c0000000,0x00000000c7870c10,0x00000000c7ae0000)
Event: 2360,842 GC heap after
Heap after GC invocations=130 (full 30):
 PSYoungGen      total 165504K, used 0K [0x00000000f0000000, 0x00000000fade0000, 0x0000000100000000)
  eden space 154624K, 0% used [0x00000000f0000000,0x00000000f0000000,0x00000000f9700000)
  from space 10880K, 0% used [0x00000000fa340000,0x00000000fa340000,0x00000000fade0000)
  to   space 11712K, 0% used [0x00000000f9700000,0x00000000f9700000,0x00000000fa270000)
 ParOldGen       total 289344K, used 123053K [0x00000000d0000000, 0x00000000e1a90000, 0x00000000f0000000)
  object space 289344K, 42% used [0x00000000d0000000,0x00000000d782b568,0x00000000e1a90000)
 PSPermGen       total 125248K, used 123331K [0x00000000c0000000, 0x00000000c7a50000, 0x00000000d0000000)
  object space 125248K, 98% used [0x00000000c0000000,0x00000000c7870c10,0x00000000c7a50000)
}
Event: 2420,595 GC heap before
{Heap before GC invocations=131 (full 30):
 PSYoungGen      total 165504K, used 4711K [0x00000000f0000000, 0x00000000fade0000, 0x0000000100000000)
  eden space 154624K, 3% used [0x00000000f0000000,0x00000000f0499dc0,0x00000000f9700000)
  from space 10880K, 0% used [0x00000000fa340000,0x00000000fa340000,0x00000000fade0000)
  to   space 11712K, 0% used [0x00000000f9700000,0x00000000f9700000,0x00000000fa270000)
 ParOldGen       total 289344K, used 123053K [0x00000000d0000000, 0x00000000e1a90000, 0x00000000f0000000)
  object space 289344K, 42% used [0x00000000d0000000,0x00000000d782b568,0x00000000e1a90000)
 PSPermGen       total 125248K, used 123333K [0x00000000c0000000, 0x00000000c7a50000, 0x00000000d0000000)
  object space 125248K, 98% used [0x00000000c0000000,0x00000000c7871440,0x00000000c7a50000)
Event: 2420,610 GC heap after
Heap after GC invocations=131 (full 30):
 PSYoungGen      total 154688K, used 32K [0x00000000f0000000, 0x00000000fac40000, 0x0000000100000000)
  eden space 154624K, 0% used [0x00000000f0000000,0x00000000f0000000,0x00000000f9700000)
  from space 64K, 50% used [0x00000000f9700000,0x00000000f9708000,0x00000000f9710000)
  to   space 10880K, 0% used [0x00000000fa1a0000,0x00000000fa1a0000,0x00000000fac40000)
 ParOldGen       total 289344K, used 123053K [0x00000000d0000000, 0x00000000e1a90000, 0x00000000f0000000)
  object space 289344K, 42% used [0x00000000d0000000,0x00000000d782b568,0x00000000e1a90000)
 PSPermGen       total 125248K, used 123333K [0x00000000c0000000, 0x00000000c7a50000, 0x00000000d0000000)
  object space 125248K, 98% used [0x00000000c0000000,0x00000000c7871440,0x00000000c7a50000)
}
Event: 2420,610 GC heap before
{Heap before GC invocations=132 (full 31):
 PSYoungGen      total 154688K, used 32K [0x00000000f0000000, 0x00000000fac40000, 0x0000000100000000)
  eden space 154624K, 0% used [0x00000000f0000000,0x00000000f0000000,0x00000000f9700000)
  from space 64K, 50% used [0x00000000f9700000,0x00000000f9708000,0x00000000f9710000)
  to   space 10880K, 0% used [0x00000000fa1a0000,0x00000000fa1a0000,0x00000000fac40000)
 ParOldGen       total 289344K, used 123053K [0x00000000d0000000, 0x00000000e1a90000, 0x00000000f0000000)
  object space 289344K, 42% used [0x00000000d0000000,0x00000000d782b568,0x00000000e1a90000)
 PSPermGen       total 125248K, used 123333K [0x00000000c0000000, 0x00000000c7a50000, 0x00000000d0000000)
  object space 125248K, 98% used [0x00000000c0000000,0x00000000c7871440,0x00000000c7a50000)
Event: 2420,854 GC heap after
Heap after GC invocations=132 (full 31):
 PSYoungGen      total 154688K, used 0K [0x00000000f0000000, 0x00000000fac40000, 0x0000000100000000)
  eden space 154624K, 0% used [0x00000000f0000000,0x00000000f0000000,0x00000000f9700000)
  from space 64K, 0% used [0x00000000f9700000,0x00000000f9700000,0x00000000f9710000)
  to   space 10880K, 0% used [0x00000000fa1a0000,0x00000000fa1a0000,0x00000000fac40000)
 ParOldGen       total 289344K, used 123053K [0x00000000d0000000, 0x00000000e1a90000, 0x00000000f0000000)
  object space 289344K, 42% used [0x00000000d0000000,0x00000000d782b568,0x00000000e1a90000)
 PSPermGen       total 125184K, used 123333K [0x00000000c0000000, 0x00000000c7a40000, 0x00000000d0000000)
  object space 125184K, 98% used [0x00000000c0000000,0x00000000c7871440,0x00000000c7a40000)
}
Event: 2480,595 GC heap before
{Heap before GC invocations=133 (full 31):
 PSYoungGen      total 154688K, used 8531K [0x00000000f0000000, 0x00000000fac40000, 0x0000000100000000)
  eden space 154624K, 5% used [0x00000000f0000000,0x00000000f0854ce8,0x00000000f9700000)
  from space 64K, 0% used [0x00000000f9700000,0x00000000f9700000,0x00000000f9710000)
  to   space 10880K, 0% used [0x00000000fa1a0000,0x00000000fa1a0000,0x00000000fac40000)
 ParOldGen       total 289344K, used 123053K [0x00000000d0000000, 0x00000000e1a90000, 0x00000000f0000000)
  object space 289344K, 42% used [0x00000000d0000000,0x00000000d782b568,0x00000000e1a90000)
 PSPermGen       total 125184K, used 123340K [0x00000000c0000000, 0x00000000c7a40000, 0x00000000d0000000)
  object space 125184K, 98% used [0x00000000c0000000,0x00000000c78733e0,0x00000000c7a40000)
Event: 2480,609 GC heap after
Heap after GC invocations=133 (full 31):
 PSYoungGen      total 163840K, used 576K [0x00000000f0000000, 0x00000000faaa0000, 0x0000000100000000)
  eden space 154624K, 0% used [0x00000000f0000000,0x00000000f0000000,0x00000000f9700000)
  from space 9216K, 6% used [0x00000000fa1a0000,0x00000000fa230018,0x00000000faaa0000)
  to   space 10048K, 0% used [0x00000000f9700000,0x00000000f9700000,0x00000000fa0d0000)
 ParOldGen       total 289344K, used 123053K [0x00000000d0000000, 0x00000000e1a90000, 0x00000000f0000000)
  object space 289344K, 42% used [0x00000000d0000000,0x00000000d782b568,0x00000000e1a90000)
 PSPermGen       total 125184K, used 123340K [0x00000000c0000000, 0x00000000c7a40000, 0x00000000d0000000)
  object space 125184K, 98% used [0x00000000c0000000,0x00000000c78733e0,0x00000000c7a40000)
}
Event: 2480,609 GC heap before
{Heap before GC invocations=134 (full 32):
 PSYoungGen      total 163840K, used 576K [0x00000000f0000000, 0x00000000faaa0000, 0x0000000100000000)
  eden space 154624K, 0% used [0x00000000f0000000,0x00000000f0000000,0x00000000f9700000)
  from space 9216K, 6% used [0x00000000fa1a0000,0x00000000fa230018,0x00000000faaa0000)
  to   space 10048K, 0% used [0x00000000f9700000,0x00000000f9700000,0x00000000fa0d0000)
 ParOldGen       total 289344K, used 123053K [0x00000000d0000000, 0x00000000e1a90000, 0x00000000f0000000)
  object space 289344K, 42% used [0x00000000d0000000,0x00000000d782b568,0x00000000e1a90000)
 PSPermGen       total 125184K, used 123340K [0x00000000c0000000, 0x00000000c7a40000, 0x00000000d0000000)
  object space 125184K, 98% used [0x00000000c0000000,0x00000000c78733e0,0x00000000c7a40000)
Event: 2480,841 GC heap after
Heap after GC invocations=134 (full 32):
 PSYoungGen      total 163840K, used 0K [0x00000000f0000000, 0x00000000faaa0000, 0x0000000100000000)
  eden space 154624K, 0% used [0x00000000f0000000,0x00000000f0000000,0x00000000f9700000)
  from space 9216K, 0% used [0x00000000fa1a0000,0x00000000fa1a0000,0x00000000faaa0000)
  to   space 10048K, 0% used [0x00000000f9700000,0x00000000f9700000,0x00000000fa0d0000)
 ParOldGen       total 289344K, used 123367K [0x00000000d0000000, 0x00000000e1a90000, 0x00000000f0000000)
  object space 289344K, 42% used [0x00000000d0000000,0x00000000d7879e40,0x00000000e1a90000)
 PSPermGen       total 124480K, used 123340K [0x00000000c0000000, 0x00000000c7990000, 0x00000000d0000000)
  object space 124480K, 99% used [0x00000000c0000000,0x00000000c78733c0,0x00000000c7990000)
}

